Running php-build composer
WARNING! Your password will be stored unencrypted in /home/runner/.docker/config.json.
Configure a credential helper to remove this warning. See
https://docs.docker.com/engine/reference/commandline/login/#credentials-store

Login Succeeded
Pulling docker.pkg.github.com/logicbrush/silverstripe-blog-utils/php-actions_composer_silverstripe-blog-utils:php-8.1-xdebug-intl-build2.1.0
php-8.1-xdebug-intl-build2.1.0: Pulling from logicbrush/silverstripe-blog-utils/php-actions_composer_silverstripe-blog-utils
43c4264eed91: Already exists
bb15916673af: Pulling fs layer
9feb3258c4c6: Pulling fs layer
32e436918c34: Pulling fs layer
3440d557f5fe: Pulling fs layer
f0e2c6ac9ac0: Pulling fs layer
96d63bca36d2: Pulling fs layer
4eae263319e1: Pulling fs layer
b862db65d0ba: Pulling fs layer
422b71f539a5: Pulling fs layer
79b0a660127c: Pulling fs layer
be82fa2308d2: Pulling fs layer
f0e2c6ac9ac0: Waiting
96d63bca36d2: Waiting
4eae263319e1: Waiting
b862db65d0ba: Waiting
422b71f539a5: Waiting
79b0a660127c: Waiting
be82fa2308d2: Waiting
3440d557f5fe: Waiting
32e436918c34: Verifying Checksum
32e436918c34: Download complete
9feb3258c4c6: Verifying Checksum
9feb3258c4c6: Download complete
bb15916673af: Verifying Checksum
bb15916673af: Download complete
bb15916673af: Pull complete
9feb3258c4c6: Pull complete
32e436918c34: Pull complete
f0e2c6ac9ac0: Verifying Checksum
f0e2c6ac9ac0: Download complete
3440d557f5fe: Verifying Checksum
3440d557f5fe: Download complete
3440d557f5fe: Pull complete
f0e2c6ac9ac0: Pull complete
96d63bca36d2: Verifying Checksum
96d63bca36d2: Download complete
4eae263319e1: Verifying Checksum
4eae263319e1: Download complete
b862db65d0ba: Verifying Checksum
b862db65d0ba: Download complete
422b71f539a5: Verifying Checksum
422b71f539a5: Download complete
79b0a660127c: Verifying Checksum
79b0a660127c: Download complete
96d63bca36d2: Pull complete
4eae263319e1: Pull complete
b862db65d0ba: Pull complete
be82fa2308d2: Verifying Checksum
be82fa2308d2: Download complete
422b71f539a5: Pull complete
79b0a660127c: Pull complete
be82fa2308d2: Pull complete
Digest: sha256:205e67d9e5e851be519364c6231fc48c75b7f5f58922b5247b3f0c42f09dc91f
Status: Downloaded newer image for docker.pkg.github.com/logicbrush/silverstripe-blog-utils/php-actions_composer_silverstripe-blog-utils:php-8.1-xdebug-intl-build2.1.0
docker.pkg.github.com/logicbrush/silverstripe-blog-utils/php-actions_composer_silverstripe-blog-utils:php-8.1-xdebug-intl-build2.1.0
Docker tag: docker.pkg.github.com/logicbrush/silverstripe-blog-utils/php-actions_composer_silverstripe-blog-utils:php-8.1-xdebug-intl-build2.1.0
No private keys supplied
Command: composer update --with silverstripe/framework:^5.0 --no-interaction
Skipping env variable PWD
Skipping env variable HOME
Skipping env variable SHLVL
Skipping env variable PATH
